SF:lib\repositories\plan_repository.dart
DA:11,2
DA:15,6
DA:16,6
DA:24,2
DA:25,2
DA:26,2
DA:27,2
DA:28,2
DA:30,2
DA:33,1
DA:35,3
DA:36,1
DA:39,2
DA:41,6
DA:42,2
DA:43,2
DA:45,2
DA:46,1
DA:49,2
DA:50,4
DA:51,2
DA:52,6
DA:57,2
DA:60,4
DA:62,4
DA:63,4
DA:66,2
DA:67,4
DA:68,6
DA:72,2
DA:73,4
DA:74,4
DA:76,1
DA:77,2
DA:78,2
DA:80,0
DA:81,0
DA:82,0
DA:84,0
DA:85,0
DA:89,4
DA:90,2
DA:91,2
DA:93,4
DA:94,4
DA:95,4
DA:97,2
DA:98,4
DA:99,3
DA:101,4
DA:106,2
DA:112,0
DA:116,2
DA:126,4
DA:127,6
DA:130,6
DA:134,2
DA:135,2
DA:136,2
DA:137,2
DA:140,2
DA:143,2
DA:145,4
DA:146,4
DA:149,2
DA:150,4
DA:151,4
DA:152,4
DA:153,4
DA:158,2
DA:165,1
DA:167,3
DA:169,2
DA:170,3
DA:171,1
DA:172,1
DA:173,1
DA:175,2
DA:176,2
DA:177,3
DA:179,0
DA:182,2
DA:183,2
DA:187,3
DA:192,0
LF:85
LH:77
end_of_record
SF:lib\repositories\user_repository.dart
DA:9,1
DA:12,3
DA:17,1
DA:18,3
DA:20,3
DA:22,1
DA:23,0
DA:25,1
DA:26,2
DA:27,1
DA:29,1
DA:32,1
DA:34,1
DA:35,2
DA:36,0
DA:39,5
DA:42,1
DA:44,1
DA:45,1
DA:46,1
DA:47,1
DA:48,1
DA:52,0
DA:56,1
DA:57,1
DA:64,1
DA:66,3
DA:67,2
DA:73,1
DA:75,1
DA:76,1
DA:77,1
DA:78,1
DA:80,2
DA:81,3
DA:84,4
DA:85,2
DA:89,4
DA:90,2
DA:102,1
DA:103,3
LF:41
LH:38
end_of_record
SF:lib\auth.dart
DA:12,0
DA:14,0
DA:18,0
DA:20,0
DA:24,0
DA:27,0
DA:31,0
DA:34,0
DA:35,0
DA:36,0
DA:40,0
DA:41,0
DA:43,0
DA:44,0
DA:45,0
DA:46,0
DA:48,0
DA:54,0
DA:58,0
DA:60,0
DA:61,0
DA:62,0
DA:65,0
DA:66,0
LF:24
LH:0
end_of_record
SF:lib\blocs\friends_plans\friends_plan_bloc.dart
DA:15,3
DA:16,2
DA:17,2
DA:19,2
DA:20,3
DA:21,2
DA:23,0
DA:26,2
DA:27,2
DA:28,2
DA:29,4
DA:31,2
DA:32,3
DA:34,2
DA:36,0
LF:15
LH:13
end_of_record
SF:lib\blocs\friends_plans\friends_plan_event.dart
DA:4,1
DA:6,0
DA:7,0
DA:14,1
DA:16,0
DA:17,0
DA:26,1
DA:29,0
DA:30,0
LF:9
LH:3
end_of_record
SF:lib\blocs\friends_plans\friends_plan_state.dart
DA:4,1
DA:6,0
DA:7,0
DA:13,1
DA:15,1
DA:16,1
DA:23,1
DA:25,1
DA:26,3
DA:31,0
DA:33,0
DA:34,0
LF:12
LH:7
end_of_record
SF:lib\blocs\my_plans\my_plans_state.dart
DA:4,1
DA:6,0
DA:7,0
DA:13,1
DA:15,0
DA:16,0
DA:23,1
DA:25,0
DA:26,0
DA:31,0
DA:33,0
DA:34,0
LF:12
LH:3
end_of_record
SF:lib\blocs\my_plans\my_plans_event.dart
DA:4,1
DA:6,0
DA:7,0
DA:13,1
DA:15,0
DA:16,0
DA:23,0
DA:25,0
DA:26,0
LF:9
LH:2
end_of_record
SF:lib\blocs\my_plans\my_plans_bloc.dart
DA:13,3
DA:14,2
DA:15,2
DA:17,2
DA:18,2
DA:19,2
DA:21,0
DA:24,1
DA:25,0
DA:28,0
DA:29,0
DA:31,0
DA:32,0
DA:33,0
DA:36,0
LF:15
LH:7
end_of_record
SF:lib\screens\login_register_page.dart
DA:11,1
DA:13,1
DA:14,1
DA:27,1
DA:29,1
DA:30,4
DA:32,0
DA:33,0
DA:34,0
DA:35,0
DA:41,0
DA:43,0
DA:44,0
DA:45,0
DA:46,0
DA:47,0
DA:52,1
DA:54,3
DA:55,2
DA:56,1
DA:60,0
DA:61,0
DA:62,0
DA:66,0
DA:67,0
DA:68,0
DA:72,0
DA:73,0
DA:74,0
DA:78,0
DA:79,0
DA:80,0
DA:81,0
DA:82,0
DA:83,0
DA:84,0
DA:89,1
DA:93,1
DA:94,1
DA:97,1
DA:100,2
DA:101,2
DA:107,1
DA:108,3
DA:111,1
DA:112,1
DA:113,1
DA:114,1
DA:115,1
DA:116,1
DA:117,2
DA:120,1
DA:121,1
DA:122,1
DA:123,2
DA:124,2
DA:127,2
DA:130,1
DA:131,1
DA:132,3
DA:174,1
DA:176,1
DA:177,1
DA:178,1
DA:181,1
DA:185,1
DA:186,1
DA:189,1
DA:190,1
DA:192,1
DA:193,1
DA:194,1
DA:197,3
DA:198,1
DA:199,2
DA:200,1
DA:201,2
DA:202,2
DA:203,1
DA:204,3
DA:206,1
DA:207,1
DA:208,1
DA:209,1
LF:84
LH:58
end_of_record
SF:lib\screens\my_plans.dart
DA:23,1
DA:25,1
DA:26,1
DA:30,0
DA:35,1
DA:37,1
DA:38,4
DA:39,4
DA:40,1
DA:41,3
DA:42,1
DA:43,1
DA:46,1
DA:47,1
DA:48,1
DA:49,0
DA:50,0
DA:53,1
DA:54,1
DA:57,2
DA:58,0
DA:59,0
DA:63,2
DA:64,0
DA:65,0
DA:67,0
DA:71,1
DA:72,1
DA:73,1
DA:75,2
DA:76,1
DA:77,1
DA:79,3
DA:80,3
DA:81,3
DA:82,2
DA:83,1
DA:84,1
DA:85,1
DA:86,1
DA:88,2
DA:89,2
DA:90,1
DA:91,2
DA:92,2
DA:93,2
DA:95,1
DA:98,1
DA:99,1
DA:102,0
DA:105,3
DA:107,1
DA:108,1
DA:111,1
DA:116,1
DA:117,1
DA:118,1
DA:120,1
DA:121,1
DA:125,1
DA:126,1
DA:129,1
DA:131,1
DA:132,1
DA:136,1
DA:138,1
DA:139,1
DA:141,1
DA:142,1
DA:146,1
DA:148,1
DA:149,1
DA:153,1
DA:154,2
DA:155,1
DA:156,1
DA:162,1
DA:165,1
DA:167,1
DA:170,3
DA:171,0
DA:172,0
DA:173,0
DA:174,0
DA:175,0
DA:179,3
DA:180,3
DA:181,3
DA:182,1
DA:183,2
DA:184,1
DA:185,1
DA:188,3
DA:189,1
DA:190,2
DA:191,1
DA:195,1
DA:200,0
DA:201,0
DA:202,0
DA:203,0
DA:204,0
DA:205,0
DA:207,0
DA:208,0
DA:209,0
DA:210,0
DA:211,0
DA:212,0
DA:214,0
DA:215,0
DA:216,0
DA:217,0
DA:218,0
DA:219,0
DA:220,0
DA:222,0
DA:223,0
DA:224,0
DA:226,0
DA:227,0
DA:228,0
DA:231,0
DA:235,0
DA:237,0
DA:238,0
DA:249,0
DA:254,0
DA:265,1
DA:266,0
DA:268,2
DA:272,1
DA:274,1
DA:275,0
DA:276,0
DA:279,1
DA:280,1
DA:282,1
DA:284,1
DA:285,1
DA:286,2
LF:141
LH:93
end_of_record
SF:lib\screens\my_profile.dart
DA:17,1
DA:19,0
DA:20,0
DA:26,0
DA:28,0
DA:29,0
DA:32,0
DA:36,0
DA:39,0
DA:40,0
DA:44,0
DA:45,0
DA:46,0
DA:50,0
DA:57,0
DA:58,0
DA:59,0
DA:60,0
DA:61,0
DA:62,0
DA:63,0
DA:78,0
DA:80,0
DA:83,0
DA:84,0
DA:88,0
DA:89,0
DA:92,0
DA:93,0
DA:97,0
DA:98,0
DA:102,0
DA:104,0
DA:105,0
DA:106,0
DA:107,0
DA:108,0
DA:109,0
DA:112,0
DA:113,0
DA:115,0
DA:116,0
DA:120,0
DA:122,0
DA:123,0
DA:127,0
DA:128,0
DA:130,0
DA:131,0
DA:132,0
DA:133,0
DA:134,0
DA:135,0
DA:136,0
DA:137,0
DA:138,0
DA:139,0
DA:141,0
DA:143,0
DA:144,0
DA:147,0
DA:148,0
DA:150,0
DA:151,0
DA:152,0
DA:157,0
DA:158,0
DA:159,0
DA:160,0
DA:161,0
DA:163,0
DA:164,0
DA:165,0
DA:167,0
DA:168,0
DA:169,0
DA:172,0
LF:77
LH:1
end_of_record
SF:lib\widgets\PlanDetails.dart
DA:31,1
DA:49,1
DA:51,4
DA:52,1
DA:54,1
DA:55,1
DA:57,1
DA:58,1
DA:59,1
DA:60,1
DA:63,1
DA:64,1
DA:65,1
DA:66,1
DA:67,1
DA:73,1
DA:74,1
DA:75,1
DA:76,1
DA:78,1
DA:83,1
DA:85,3
DA:86,0
DA:88,3
DA:89,1
DA:92,1
DA:93,1
DA:94,2
DA:95,1
DA:102,1
DA:103,9
DA:104,2
DA:105,6
DA:106,1
DA:107,1
DA:109,1
DA:110,1
DA:111,1
DA:115,1
DA:117,1
DA:119,1
DA:120,1
DA:122,1
DA:127,1
DA:128,1
DA:129,3
DA:130,1
DA:137,1
DA:140,1
DA:141,1
DA:142,0
DA:143,0
DA:145,0
DA:146,0
DA:147,0
DA:148,0
DA:154,1
DA:155,1
DA:156,1
DA:159,1
DA:161,1
DA:162,1
DA:163,1
DA:166,1
DA:171,1
DA:172,1
DA:173,1
DA:174,0
DA:175,0
DA:176,0
DA:177,0
DA:180,1
DA:182,1
DA:183,1
DA:186,1
DA:188,1
DA:189,1
DA:190,1
DA:193,1
DA:198,1
DA:201,8
DA:202,1
DA:203,1
DA:204,1
DA:205,1
DA:206,0
DA:207,0
DA:209,0
DA:210,0
DA:211,0
DA:212,0
DA:213,0
DA:215,0
DA:216,0
DA:217,0
DA:218,0
DA:219,0
DA:222,0
DA:223,0
DA:224,0
DA:225,0
DA:228,0
DA:229,0
DA:230,0
DA:238,1
DA:240,1
DA:241,1
DA:242,1
DA:243,1
DA:247,1
DA:250,7
DA:251,0
DA:252,0
DA:253,0
DA:254,0
DA:257,0
DA:260,7
DA:261,1
DA:263,1
DA:264,1
DA:266,1
DA:267,1
DA:269,1
DA:271,1
DA:273,1
DA:274,1
DA:275,1
DA:280,5
DA:282,1
DA:284,2
DA:285,1
DA:286,1
DA:287,1
DA:288,3
DA:289,1
DA:290,2
DA:291,1
DA:300,1
DA:302,1
DA:303,1
DA:305,1
DA:307,1
DA:309,1
DA:310,1
DA:311,1
DA:316,5
DA:318,1
DA:320,2
DA:321,1
DA:322,1
DA:323,1
DA:324,3
DA:325,1
DA:326,2
DA:327,1
DA:335,1
DA:337,1
DA:338,1
DA:340,1
DA:343,1
DA:344,1
DA:345,1
DA:350,5
DA:352,1
DA:354,2
DA:355,1
DA:356,1
DA:357,1
DA:358,3
DA:359,1
DA:360,2
DA:361,1
LF:172
LH:137
end_of_record
SF:lib\widgets\widgets.dart
DA:19,1
DA:21,1
DA:23,1
DA:24,1
DA:26,1
DA:28,1
DA:29,1
DA:46,1
DA:48,1
DA:49,1
DA:51,1
DA:53,1
DA:54,4
DA:60,1
DA:62,1
DA:63,1
DA:64,1
DA:65,0
DA:66,0
DA:67,0
DA:68,0
DA:74,1
DA:76,1
DA:77,1
DA:78,1
DA:79,0
DA:82,0
DA:83,0
DA:84,0
DA:90,1
DA:91,1
DA:92,1
DA:93,1
DA:94,1
DA:95,0
DA:96,0
DA:101,1
DA:103,1
DA:104,1
DA:105,1
DA:106,0
DA:107,0
DA:122,0
DA:128,0
DA:129,0
DA:133,0
DA:135,0
DA:136,0
DA:139,0
DA:140,0
DA:141,0
DA:142,0
DA:144,0
DA:145,0
DA:146,0
DA:147,0
DA:148,0
DA:150,0
DA:161,0
DA:167,0
DA:168,0
DA:175,0
DA:178,0
DA:179,0
DA:184,0
DA:186,0
DA:187,0
DA:188,0
DA:189,0
DA:191,0
DA:194,0
DA:195,0
DA:196,0
DA:200,0
DA:203,0
DA:204,0
DA:208,0
DA:209,0
DA:210,0
DA:211,0
DA:214,0
DA:219,0
DA:220,0
DA:221,0
DA:222,0
DA:224,0
DA:225,0
DA:236,1
DA:237,2
DA:238,1
DA:239,1
DA:240,1
LF:92
LH:35
end_of_record
SF:lib\screens\friends_plans.dart
DA:22,1
DA:24,1
DA:25,1
DA:34,1
DA:36,1
DA:37,2
DA:42,1
DA:44,2
DA:45,1
DA:48,2
DA:49,1
DA:75,1
DA:77,1
DA:78,4
DA:79,4
DA:80,1
DA:81,3
DA:83,1
DA:84,1
DA:87,1
DA:88,2
DA:89,2
DA:92,3
DA:93,3
DA:94,3
DA:95,3
DA:104,1
DA:106,1
DA:107,1
DA:111,1
DA:113,1
DA:114,2
DA:115,2
DA:116,2
DA:117,2
DA:121,0
DA:125,1
DA:127,1
DA:128,1
DA:129,1
DA:130,0
DA:131,0
DA:135,1
DA:136,1
DA:138,2
DA:139,3
DA:140,2
DA:144,2
DA:145,1
DA:146,1
DA:148,1
DA:152,1
DA:153,1
DA:154,1
DA:156,2
DA:157,1
DA:158,1
DA:160,3
DA:161,3
DA:162,3
DA:163,2
DA:164,1
DA:165,1
DA:166,1
DA:167,1
DA:169,2
DA:170,2
DA:172,3
DA:173,2
DA:174,2
DA:177,1
DA:178,1
DA:181,0
DA:184,3
DA:186,1
DA:187,1
DA:189,3
DA:191,3
DA:193,3
DA:198,1
DA:203,1
DA:204,1
DA:205,1
DA:207,1
DA:208,1
DA:212,1
DA:213,1
DA:216,1
DA:218,1
DA:219,1
DA:223,1
DA:225,1
DA:226,1
DA:228,1
DA:229,1
DA:233,1
DA:235,1
DA:236,1
DA:240,1
DA:241,2
DA:242,1
DA:243,1
DA:249,1
DA:252,1
DA:254,1
DA:257,3
DA:258,0
DA:259,0
DA:260,0
DA:261,0
DA:262,0
DA:266,3
DA:267,3
DA:268,3
DA:269,1
DA:270,2
DA:271,1
DA:272,1
DA:275,3
DA:276,1
DA:277,2
DA:278,1
DA:281,1
DA:284,1
DA:286,1
DA:287,3
DA:288,1
DA:289,1
DA:291,1
DA:292,1
DA:293,1
DA:294,1
DA:295,1
DA:296,2
DA:297,3
DA:298,2
DA:299,1
DA:301,1
DA:303,1
DA:304,3
DA:305,1
DA:306,1
DA:308,1
DA:309,1
DA:310,1
DA:311,1
DA:312,2
DA:313,3
DA:314,2
DA:315,1
DA:317,1
DA:330,0
DA:331,0
DA:332,0
DA:333,0
DA:334,0
DA:336,0
DA:337,0
DA:338,0
DA:339,0
DA:340,0
DA:341,0
DA:343,0
DA:344,0
DA:345,0
DA:346,0
DA:347,0
DA:348,0
DA:349,0
DA:351,0
DA:352,0
DA:353,0
DA:355,0
DA:356,0
DA:357,0
DA:360,0
DA:364,0
DA:366,0
DA:367,0
DA:377,0
DA:382,0
DA:393,1
DA:394,0
DA:396,2
LF:184
LH:144
end_of_record
SF:lib\blocs\my_friends\my_friends_event.dart
DA:4,0
DA:6,0
DA:7,0
DA:13,0
DA:15,0
DA:16,0
DA:23,0
DA:25,0
DA:26,0
LF:9
LH:0
end_of_record
SF:lib\blocs\my_friends\my_friends_state.dart
DA:4,0
DA:6,0
DA:7,0
DA:13,0
DA:15,0
DA:16,0
DA:23,0
DA:25,0
DA:26,0
DA:31,0
DA:33,0
DA:34,0
LF:12
LH:0
end_of_record
SF:lib\blocs\my_friends\my_friends_bloc.dart
DA:10,0
DA:11,0
DA:12,0
DA:15,0
DA:16,0
DA:17,0
DA:19,0
DA:22,0
DA:23,0
DA:25,0
DA:26,0
DA:29,0
DA:30,0
DA:31,0
DA:33,0
LF:15
LH:0
end_of_record
SF:lib\screens\create_plan.dart
DA:17,0
DA:19,0
DA:20,0
DA:40,0
DA:41,0
DA:42,0
DA:45,0
DA:46,0
DA:47,0
DA:48,0
DA:49,0
DA:51,0
DA:52,0
DA:53,0
DA:54,0
DA:55,0
DA:56,0
DA:57,0
DA:58,0
DA:59,0
DA:60,0
DA:61,0
DA:62,0
DA:63,0
DA:64,0
DA:66,0
DA:68,0
DA:69,0
DA:70,0
DA:71,0
DA:74,0
DA:75,0
DA:79,0
DA:80,0
DA:81,0
DA:82,0
DA:86,0
DA:89,0
DA:92,0
DA:95,0
DA:96,0
DA:97,0
DA:98,0
DA:99,0
DA:101,0
DA:104,0
DA:105,0
DA:106,0
DA:108,0
DA:113,0
DA:115,0
DA:116,0
DA:119,0
DA:125,0
DA:126,0
DA:127,0
DA:128,0
DA:131,0
DA:132,0
DA:137,0
DA:139,0
DA:140,0
DA:146,0
DA:149,0
DA:150,0
DA:152,0
DA:153,0
DA:154,0
DA:155,0
DA:156,0
DA:157,0
DA:162,0
DA:164,0
DA:167,0
DA:169,0
DA:170,0
DA:172,0
DA:181,0
DA:182,0
DA:183,0
DA:185,0
DA:187,0
DA:188,0
DA:189,0
DA:191,0
DA:192,0
DA:193,0
DA:194,0
DA:195,0
DA:196,0
DA:199,0
DA:200,0
DA:201,0
DA:205,0
DA:209,0
DA:210,0
DA:216,0
DA:218,0
DA:219,0
DA:220,0
DA:221,0
DA:222,0
DA:227,0
DA:230,0
DA:231,0
DA:232,0
DA:233,0
DA:234,0
DA:239,0
DA:240,0
DA:241,0
DA:242,0
DA:243,0
DA:244,0
DA:245,0
DA:246,0
DA:249,0
DA:252,0
DA:253,0
DA:255,0
DA:256,0
DA:257,0
DA:258,0
DA:263,0
DA:264,0
DA:268,0
DA:269,0
DA:270,0
DA:271,0
DA:272,0
DA:273,0
DA:280,0
DA:281,0
DA:287,0
DA:289,0
DA:290,0
DA:291,0
DA:294,0
DA:298,0
DA:299,0
DA:302,0
DA:311,0
LF:142
LH:0
end_of_record
SF:lib\screens\plan_discussion.dart
DA:11,0
DA:13,0
DA:14,0
DA:20,0
DA:21,0
DA:22,0
DA:23,0
DA:24,0
DA:25,0
DA:26,0
DA:29,0
DA:30,0
DA:32,0
DA:33,0
DA:34,0
DA:35,0
DA:36,0
DA:37,0
DA:38,0
DA:39,0
DA:41,0
DA:44,0
DA:48,0
DA:49,0
DA:50,0
DA:51,0
DA:54,0
DA:55,0
DA:57,0
DA:62,0
DA:64,0
DA:65,0
DA:66,0
DA:67,0
DA:68,0
DA:71,0
DA:72,0
DA:73,0
DA:75,0
DA:87,0
DA:89,0
DA:90,0
DA:91,0
DA:93,0
DA:94,0
DA:95,0
DA:96,0
DA:97,0
DA:98,0
DA:100,0
DA:101,0
DA:104,0
DA:105,0
DA:108,0
DA:109,0
DA:110,0
DA:111,0
DA:114,0
DA:115,0
DA:117,0
DA:118,0
DA:151,0
DA:159,0
DA:160,0
DA:161,0
DA:162,0
DA:163,0
DA:164,0
DA:165,0
DA:166,0
DA:171,0
DA:172,0
DA:173,0
LF:73
LH:0
end_of_record
SF:lib\screens\my_friends.dart
DA:13,0
DA:15,0
DA:16,0
DA:23,0
DA:25,0
DA:26,0
DA:27,0
DA:28,0
DA:29,0
DA:31,0
DA:32,0
DA:35,0
DA:36,0
DA:37,0
DA:38,0
DA:39,0
DA:40,0
DA:43,0
DA:44,0
DA:45,0
DA:46,0
DA:47,0
DA:51,0
DA:52,0
DA:53,0
DA:56,0
DA:58,0
DA:60,0
DA:63,0
DA:64,0
DA:65,0
DA:66,0
DA:67,0
DA:68,0
DA:69,0
DA:78,0
DA:79,0
DA:80,0
DA:81,0
DA:82,0
DA:83,0
DA:85,0
DA:86,0
DA:89,0
DA:90,0
DA:92,0
DA:93,0
DA:94,0
DA:97,0
DA:98,0
DA:99,0
DA:100,0
DA:102,0
DA:103,0
DA:105,0
DA:106,0
DA:109,0
DA:110,0
DA:111,0
DA:113,0
DA:115,0
DA:118,0
DA:121,0
DA:123,0
DA:124,0
DA:125,0
DA:126,0
DA:127,0
DA:131,0
DA:132,0
DA:133,0
DA:137,0
DA:141,0
DA:145,0
DA:148,0
DA:149,0
DA:151,0
DA:153,0
DA:156,0
DA:157,0
DA:158,0
DA:159,0
DA:163,0
DA:164,0
DA:165,0
DA:166,0
DA:167,0
DA:183,0
DA:184,0
DA:186,0
LF:90
LH:0
end_of_record
SF:lib\screens\public_plans.dart
DA:21,0
DA:23,0
DA:24,0
DA:32,0
DA:34,0
DA:35,0
DA:38,0
DA:39,0
DA:40,0
DA:41,0
DA:42,0
DA:43,0
DA:47,0
DA:48,0
DA:49,0
DA:50,0
DA:52,0
DA:53,0
DA:54,0
DA:55,0
DA:60,0
DA:64,0
DA:66,0
DA:67,0
DA:69,0
DA:70,0
DA:71,0
DA:72,0
DA:75,0
DA:78,0
DA:79,0
DA:80,0
DA:82,0
DA:87,0
DA:88,0
DA:89,0
DA:90,0
DA:96,0
DA:97,0
DA:98,0
DA:99,0
DA:100,0
DA:101,0
DA:102,0
DA:103,0
DA:104,0
DA:110,0
DA:111,0
DA:112,0
DA:113,0
DA:114,0
DA:115,0
DA:123,0
DA:124,0
DA:125,0
DA:126,0
DA:127,0
DA:128,0
DA:130,0
DA:134,0
DA:135,0
DA:136,0
DA:138,0
DA:139,0
DA:140,0
DA:142,0
DA:143,0
DA:144,0
DA:145,0
DA:146,0
DA:147,0
DA:148,0
DA:149,0
DA:151,0
DA:152,0
DA:154,0
DA:155,0
DA:156,0
DA:159,0
DA:160,0
DA:163,0
DA:166,0
DA:168,0
DA:169,0
DA:172,0
DA:178,0
DA:179,0
DA:181,0
DA:182,0
DA:186,0
DA:187,0
DA:190,0
DA:192,0
DA:193,0
DA:197,0
DA:199,0
DA:200,0
DA:202,0
DA:203,0
DA:207,0
DA:209,0
DA:210,0
DA:214,0
DA:215,0
DA:216,0
DA:217,0
DA:223,0
DA:226,0
DA:228,0
DA:231,0
DA:232,0
DA:233,0
DA:234,0
DA:237,0
DA:240,0
DA:241,0
DA:242,0
DA:244,0
DA:245,0
DA:246,0
DA:247,0
DA:248,0
DA:249,0
DA:252,0
DA:253,0
DA:259,0
DA:261,0
DA:264,0
DA:267,0
DA:268,0
DA:270,0
DA:271,0
DA:272,0
DA:273,0
DA:274,0
DA:275,0
DA:276,0
DA:277,0
DA:278,0
DA:283,0
DA:288,0
DA:290,0
DA:291,0
DA:292,0
DA:293,0
DA:294,0
DA:295,0
DA:296,0
DA:297,0
DA:298,0
DA:299,0
DA:301,0
DA:303,0
DA:305,0
DA:307,0
DA:308,0
DA:318,0
DA:320,0
DA:323,0
LF:159
LH:0
end_of_record
